Warning: unknown package "shepherd-docs"
Warning: unknown package "landing"
Warning: unknown package "shepherd-docs"
Warning: unknown package "shepherd-docs"
Warning: unknown package "shepherd-docs"
Warning: unknown package "landing"
Warning: unknown package "cypress-tests"
Warning: unknown package "unit-tests"
Warning: unknown package "landing"
Warning: unknown package "cypress-tests"
Warning: unknown package "landing"
Warning: unknown package "shepherd-docs"
Warning: unknown package "landing"
Warning: unknown package "shepherd-docs"
Warning: unknown package "landing"
Warning: unknown package "shepherd-docs"
Warning: unknown package "unit-tests"
Warning: unknown package "shepherd-docs"
Warning: unknown package "landing"
Warning: unknown package "unit-tests"
Warning: unknown package "landing"
Warning: unknown package "landing"
(node:2262) [DEP0040] DeprecationWarning: The `punycode` module is deprecated. Please use a userland alternative instead.
(Use `node --trace-deprecation ...` to show where the warning was created)
Warning: unknown package "shepherd-docs"
Warning: unknown package "unit-tests"
(node:2337) [DEP0040] DeprecationWarning: The `punycode` module is deprecated. Please use a userland alternative instead.
(Use `node --trace-deprecation ...` to show where the warning was created)
Warning: unknown package "shepherd-docs"
Warning: unknown package "unit-tests"
(node:2278) [DEP0040] DeprecationWarning: The `punycode` module is deprecated. Please use a userland alternative instead.
(Use `node --trace-deprecation ...` to show where the warning was created)
(node:2403) [DEP0040] DeprecationWarning: The `punycode` module is deprecated. Please use a userland alternative instead.
(Use `node --trace-deprecation ...` to show where the warning was created)
Warning: unknown package "cypress-tests"
Warning: unknown package "landing"
(node:2504) [DEP0040] DeprecationWarning: The `punycode` module is deprecated. Please use a userland alternative instead.
(Use `node --trace-deprecation ...` to show where the warning was created)
Warning: unknown package "shepherd-docs"
Warning: unknown package "cypress-tests"
Warning: unknown package "unit-tests"
Warning: unknown package "shepherd-docs"
Warning: unknown package "landing"
Warning: unknown package "cypress-tests"
Warning: unknown package "unit-tests"
